
> frontend@0.0.0 dev
> vite --host 0.0.0.0 --port 5173 --strictPort


  VITE v6.4.2  ready in 371 ms

  ➜  Local:   http://localhost:5173/
  ➜  Network: http://192.168.31.206:5173/
  ➜  Network: http://100.90.186.53:5173/
7:47:12 PM [vite] (client) hmr update /src/components/RoleCard.tsx
7:47:15 PM [vite] (client) hmr update /src/components/RoleCard.css
7:47:18 PM [vite] (client) hmr update /src/App.tsx, /src/components/TurnMessage.tsx, /src/components/DebateAudio.tsx, /src/components/MasterChat.tsx
7:47:32 PM [vite] (client) hmr update /src/App.tsx
7:47:37 PM [vite] (client) hmr update /src/App.css
7:48:16 PM [vite] (client) hmr update /src/components/RoleCard.tsx
7:48:27 PM [vite] (client) hmr update /src/App.css
7:48:27 PM [vite] (client) hmr update /src/App.css
7:52:58 PM [vite] (client) hmr update /src/components/TurnMessage.tsx
7:53:01 PM [vite] (client) hmr update /src/components/TurnMessage.css
7:53:09 PM [vite] (client) hmr update /src/components/TurnMessage.css
7:53:09 PM [vite] (client) hmr update /src/components/TurnMessage.css
7:53:22 PM [vite] (client) hmr update /src/components/TurnMessage.css
7:53:29 PM [vite] (client) hmr update /src/components/TurnMessage.css
7:53:29 PM [vite] (client) hmr update /src/components/TurnMessage.css
7:53:32 PM [vite] (client) hmr update /src/components/TurnMessage.css
8:05:37 PM [vite] (client) hmr update /src/App.tsx
8:05:39 PM [vite] (client) hmr update /src/App.tsx
8:05:42 PM [vite] (client) hmr update /src/App.tsx
8:05:45 PM [vite] (client) hmr update /src/App.tsx
8:05:47 PM [vite] (client) hmr update /src/App.tsx
8:05:49 PM [vite] (client) hmr update /src/App.tsx
8:05:52 PM [vite] (client) hmr update /src/App.tsx
8:05:54 PM [vite] (client) hmr update /src/App.tsx
8:05:54 PM [vite] (client) hmr update /src/App.tsx
8:05:58 PM [vite] (client) hmr update /src/App.tsx
8:06:25 PM [vite] (client) hmr update /src/components/LexOpeningStage.tsx
8:06:28 PM [vite] (client) hmr update /src/components/LexOpeningStage.tsx
8:06:30 PM [vite] (client) hmr update /src/components/LexOpeningStage.tsx
8:06:33 PM [vite] (client) hmr update /src/components/LexOpeningStage.tsx
8:07:00 PM [vite] (client) hmr update /src/components/LexOpeningStage.tsx
8:09:07 PM [vite] (client) hmr update /src/components/LexOpeningStage.tsx
8:09:07 PM [vite] (client) hmr update /src/components/LexOpeningStage.tsx
